<?xml version="1.0" encoding="UTF-8"?>
<testsuite name="BrandTest" tests="10" skipped="0" failures="0" errors="0" timestamp="2015-09-03T21:31:39" hostname="epicodus-110.local" time="0.26">
  <properties/>
  <testcase name="getStores_returnsStores" classname="BrandTest" time="0.123"/>
  <testcase name="updateBrand_changesBrand" classname="BrandTest" time="0.02"/>
  <testcase name="save_savesCorrectlyIntoDatabase" classname="BrandTest" time="0.014"/>
  <testcase name="all_emptyAtFirst" classname="BrandTest" time="0.009"/>
  <testcase name="find_findsBrandInDatabase_True" classname="BrandTest" time="0.013"/>
  <testcase name="getStores_returnsMultipleStores" classname="BrandTest" time="0.031"/>
  <testcase name="getId_returnsId" classname="BrandTest" time="0.013"/>
  <testcase name="getBrandName_returnsBrandName" classname="BrandTest" time="0.014"/>
  <testcase name="equals_returnsTrueIfInputIsTheSame" classname="BrandTest" time="0.004"/>
  <testcase name="delete_DeletesFromDatabase" classname="BrandTest" time="0.017"/>
  <system-out><![CDATA[]]></system-out>
  <system-err><![CDATA[]]></system-err>
</testsuite>
